<?xml version="1.0" encoding="UTF-8"?>
<!-- Generated by org.testng.reporters.JUnitReportReporter -->
<testsuite hostname="MSI" failures="0" tests="4" name="objects.TestClass" time="2.136" errors="0" timestamp="2024-01-18T07:04:22 IST" skipped="0">
  <testcase classname="objects.TestClass" name="loginAndAddToCart" time="0.631"/>
  <system-out/>
  <testcase classname="objects.TestClass" name="removeItemAndCheckout" time="0.343"/>
  <system-out/>
  <testcase classname="objects.TestClass" name="getTextofItemTotalAndtotal" time="0.391"/>
  <system-out/>
  <testcase classname="objects.TestClass" name="loggingOutFromMenuPage" time="0.771"/>
  <system-out/>
</testsuite> <!-- objects.TestClass -->
